# JRE version: Java(TM) SE Runtime Environment (17.0.12+8) (build 17.0.12+8-LTS-286)
# Java VM: Java HotSpot(TM) 64-Bit Server VM (17.0.12+8-LTS-286, mixed mode, sharing, tiered, compressed oops, compressed class ptrs, g1 gc, windows-amd64)
GC Precious Log:
 CPUs: 8 total, 8 available
 Memory: 5965M
 Large Page Support: Disabled
 NUMA Support: Disabled
 Compressed Oops: Enabled (32-bit)
 Heap Region Size: 1M
 Heap Min Capacity: 8M
 Heap Initial Capacity: 94M
 Heap Max Capacity: 2G
 Pre-touch: Disabled
 Parallel Workers: 8
 Concurrent Workers: 2
 Concurrent Refinement Workers: 8
 Periodic GC: Disabled
Heap:
 garbage-first heap   total 258048K, used 162905K [0x0000000080000000, 0x0000000100000000)
  region size 1024K, 11 young (11264K), 1 survivors (1024K)
 Metaspace       used 154025K, committed 154944K, reserved 622592K
  class space    used 19430K, committed 19840K, reserved 425984K
GC Heap History (20 events):
Event: 204.602 GC heap before
{Heap before GC invocations=93 (full 0):
 garbage-first heap   total 258048K, used 210667K [0x0000000080000000, 0x0000000100000000)
  region size 1024K, 80 young (81920K), 4 survivors (4096K)
 Metaspace       used 139790K, committed 140608K, reserved 557056K
  class space    used 17655K, committed 17984K, reserved 425984K
}
Event: 204.606 GC heap after
{Heap after GC invocations=94 (full 0):
 garbage-first heap   total 258048K, used 130716K [0x0000000080000000, 0x0000000100000000)
  region size 1024K, 2 young (2048K), 2 survivors (2048K)
 Metaspace       used 139790K, committed 140608K, reserved 557056K
  class space    used 17655K, committed 17984K, reserved 425984K
}
Event: 206.588 GC heap before
{Heap before GC invocations=94 (full 0):
 garbage-first heap   total 258048K, used 213660K [0x0000000080000000, 0x0000000100000000)
  region size 1024K, 83 young (84992K), 2 survivors (2048K)
 Metaspace       used 139829K, committed 140608K, reserved 557056K
  class space    used 17655K, committed 17984K, reserved 425984K
}
Event: 206.593 GC heap after
{Heap after GC invocations=95 (full 0):
 garbage-first heap   total 258048K, used 130520K [0x0000000080000000, 0x0000000100000000)
  region size 1024K, 1 young (1024K), 1 survivors (1024K)
 Metaspace       used 139829K, committed 140608K, reserved 557056K
  class space    used 17655K, committed 17984K, reserved 425984K
}
Event: 213.907 GC heap before
{Heap before GC invocations=95 (full 0):
 garbage-first heap   total 258048K, used 218584K [0x0000000080000000, 0x0000000100000000)
  region size 1024K, 86 young (88064K), 1 survivors (1024K)
 Metaspace       used 140080K, committed 140864K, reserved 557056K
  class space    used 17656K, committed 17984K, reserved 425984K
}
Event: 213.960 GC heap after
{Heap after GC invocations=96 (full 0):
 garbage-first heap   total 258048K, used 141486K [0x0000000080000000, 0x0000000100000000)
  region size 1024K, 11 young (11264K), 11 survivors (11264K)
 Metaspace       used 140080K, committed 140864K, reserved 557056K
  class space    used 17656K, committed 17984K, reserved 425984K
}
Event: 231.456 GC heap before
{Heap before GC invocations=96 (full 0):
 garbage-first heap   total 258048K, used 212142K [0x0000000080000000, 0x0000000100000000)
  region size 1024K, 80 young (81920K), 11 survivors (11264K)
 Metaspace       used 142548K, committed 143360K, reserved 557056K
  class space    used 17837K, committed 18240K, reserved 425984K
}
Event: 231.517 GC heap after
{Heap after GC invocations=97 (full 0):
 garbage-first heap   total 258048K, used 151408K [0x0000000080000000, 0x0000000100000000)
  region size 1024K, 10 young (10240K), 10 survivors (10240K)
 Metaspace       used 142548K, committed 143360K, reserved 557056K
  class space    used 17837K, committed 18240K, reserved 425984K
}
Event: 235.894 GC heap before
{Heap before GC invocations=97 (full 0):
 garbage-first heap   total 258048K, used 213872K [0x0000000080000000, 0x0000000100000000)
  region size 1024K, 70 young (71680K), 10 survivors (10240K)
 Metaspace       used 143093K, committed 143872K, reserved 557056K
  class space    used 17883K, committed 18240K, reserved 425984K
}
Event: 235.912 GC heap after
{Heap after GC invocations=98 (full 0):
 garbage-first heap   total 258048K, used 149748K [0x0000000080000000, 0x0000000100000000)
  region size 1024K, 2 young (2048K), 2 survivors (2048K)
 Metaspace       used 143093K, committed 143872K, reserved 557056K
  class space    used 17883K, committed 18240K, reserved 425984K
}
Event: 249.623 GC heap before
{Heap before GC invocations=98 (full 0):
 garbage-first heap   total 258048K, used 214260K [0x0000000080000000, 0x0000000100000000)
  region size 1024K, 65 young (66560K), 2 survivors (2048K)
 Metaspace       used 148073K, committed 148992K, reserved 557056K
  class space    used 18547K, committed 19008K, reserved 425984K
}
Event: 249.632 GC heap after
{Heap after GC invocations=99 (full 0):
 garbage-first heap   total 258048K, used 150698K [0x0000000080000000, 0x0000000100000000)
  region size 1024K, 3 young (3072K), 3 survivors (3072K)
 Metaspace       used 148073K, committed 148992K, reserved 557056K
  class space    used 18547K, committed 19008K, reserved 425984K
}
Event: 303.275 GC heap before
{Heap before GC invocations=99 (full 0):
 garbage-first heap   total 258048K, used 216234K [0x0000000080000000, 0x0000000100000000)
  region size 1024K, 67 young (68608K), 3 survivors (3072K)
 Metaspace       used 152138K, committed 153024K, reserved 622592K
  class space    used 19214K, committed 19648K, reserved 425984K
}
Event: 303.418 GC heap after
{Heap after GC invocations=100 (full 0):
 garbage-first heap   total 258048K, used 152693K [0x0000000080000000, 0x0000000100000000)
  region size 1024K, 5 young (5120K), 5 survivors (5120K)
 Metaspace       used 152138K, committed 153024K, reserved 622592K
  class space    used 19214K, committed 19648K, reserved 425984K
}
Event: 414.842 GC heap before
{Heap before GC invocations=100 (full 0):
 garbage-first heap   total 258048K, used 217205K [0x0000000080000000, 0x0000000100000000)
  region size 1024K, 69 young (70656K), 5 survivors (5120K)
 Metaspace       used 153967K, committed 154880K, reserved 622592K
  class space    used 19428K, committed 19840K, reserved 425984K
}
Event: 416.181 GC heap after
{Heap after GC invocations=101 (full 0):
 garbage-first heap   total 258048K, used 154376K [0x0000000080000000, 0x0000000100000000)
  region size 1024K, 7 young (7168K), 7 survivors (7168K)
 Metaspace       used 153967K, committed 154880K, reserved 622592K
  class space    used 19428K, committed 19840K, reserved 425984K
}
Event: 432.483 GC heap before
{Heap before GC invocations=101 (full 0):
 garbage-first heap   total 258048K, used 158472K [0x0000000080000000, 0x0000000100000000)
  region size 1024K, 12 young (12288K), 7 survivors (7168K)
 Metaspace       used 153973K, committed 154880K, reserved 622592K
  class space    used 19428K, committed 19840K, reserved 425984K
}
Event: 432.642 GC heap after
{Heap after GC invocations=102 (full 0):
 garbage-first heap   total 258048K, used 155000K [0x0000000080000000, 0x0000000100000000)
  region size 1024K, 1 young (1024K), 1 survivors (1024K)
 Metaspace       used 153973K, committed 154880K, reserved 622592K
  class space    used 19428K, committed 19840K, reserved 425984K
}
Event: 465.283 GC heap before
{Heap before GC invocations=102 (full 0):
 garbage-first heap   total 258048K, used 166264K [0x0000000080000000, 0x0000000100000000)
  region size 1024K, 12 young (12288K), 1 survivors (1024K)
 Metaspace       used 154023K, committed 154944K, reserved 622592K
  class space    used 19430K, committed 19840K, reserved 425984K
}
Event: 467.012 GC heap after
{Heap after GC invocations=103 (full 0):
 garbage-first heap   total 258048K, used 154713K [0x0000000080000000, 0x0000000100000000)
  region size 1024K, 1 young (1024K), 1 survivors (1024K)
 Metaspace       used 154023K, committed 154944K, reserved 622592K
  class space    used 19430K, committed 19840K, reserved 425984K
}

